[2017-08-27 23:32:03.265] -- [DEBUG] -- [main >>>> Slf4JLogger.java:71 >>>> Method = debug] -- [Content = Using SLF4J as the default logging framework]
[2017-08-27 23:32:03.284] -- [DEBUG] -- [main >>>> Slf4JLogger.java:76 >>>> Method = debug] -- [Content = -Dio.netty.eventLoopThreads: 16]
[2017-08-27 23:32:03.331] -- [DEBUG] -- [main >>>> Slf4JLogger.java:76 >>>> Method = debug] -- [Content = java.nio.Buffer.address: available]
[2017-08-27 23:32:03.331] -- [DEBUG] -- [main >>>> Slf4JLogger.java:76 >>>> Method = debug] -- [Content = sun.misc.Unsafe.theUnsafe: available]
[2017-08-27 23:32:03.331] -- [DEBUG] -- [main >>>> Slf4JLogger.java:71 >>>> Method = debug] -- [Content = sun.misc.Unsafe.copyMemory: available]
[2017-08-27 23:32:03.332] -- [DEBUG] -- [main >>>> Slf4JLogger.java:76 >>>> Method = debug] -- [Content = java.nio.Bits.unaligned: true]
[2017-08-27 23:32:03.332] -- [DEBUG] -- [main >>>> Slf4JLogger.java:76 >>>> Method = debug] -- [Content = Java version: 7]
[2017-08-27 23:32:03.332] -- [DEBUG] -- [main >>>> Slf4JLogger.java:76 >>>> Method = debug] -- [Content = -Dio.netty.noUnsafe: false]
[2017-08-27 23:32:03.333] -- [DEBUG] -- [main >>>> Slf4JLogger.java:76 >>>> Method = debug] -- [Content = sun.misc.Unsafe: available]
[2017-08-27 23:32:03.333] -- [DEBUG] -- [main >>>> Slf4JLogger.java:76 >>>> Method = debug] -- [Content = -Dio.netty.noJavassist: false]
[2017-08-27 23:32:03.334] -- [DEBUG] -- [main >>>> Slf4JLogger.java:71 >>>> Method = debug] -- [Content = Javassist: unavailable]
[2017-08-27 23:32:03.334] -- [DEBUG] -- [main >>>> Slf4JLogger.java:71 >>>> Method = debug] -- [Content = You don't have Javassist in your class path or you don't have enough permission to load dynamically generated classes.  Please check the configuration for better performance.]
[2017-08-27 23:32:03.334] -- [DEBUG] -- [main >>>> Slf4JLogger.java:76 >>>> Method = debug] -- [Content = -Dio.netty.tmpdir: /tmp (java.io.tmpdir)]
[2017-08-27 23:32:03.334] -- [DEBUG] -- [main >>>> Slf4JLogger.java:76 >>>> Method = debug] -- [Content = -Dio.netty.bitMode: 64 (sun.arch.data.model)]
[2017-08-27 23:32:03.334] -- [DEBUG] -- [main >>>> Slf4JLogger.java:76 >>>> Method = debug] -- [Content = -Dio.netty.noPreferDirect: false]
[2017-08-27 23:32:03.335] -- [DEBUG] -- [main >>>> Slf4JLogger.java:76 >>>> Method = debug] -- [Content = -Dio.netty.noKeySetOptimization: false]
[2017-08-27 23:32:03.335] -- [DEBUG] -- [main >>>> Slf4JLogger.java:76 >>>> Method = debug] -- [Content = -Dio.netty.selectorAutoRebuildThreshold: 512]
[2017-08-27 23:32:03.343] -- [TRACE] -- [main >>>> Slf4JLogger.java:46 >>>> Method = trace] -- [Content = Instrumented an optimized java.util.Set into: sun.nio.ch.EPollSelectorImpl@7297a1fb]
[2017-08-27 23:32:03.343] -- [TRACE] -- [main >>>> Slf4JLogger.java:46 >>>> Method = trace] -- [Content = Instrumented an optimized java.util.Set into: sun.nio.ch.EPollSelectorImpl@410ba083]
[2017-08-27 23:32:03.343] -- [TRACE] -- [main >>>> Slf4JLogger.java:46 >>>> Method = trace] -- [Content = Instrumented an optimized java.util.Set into: sun.nio.ch.EPollSelectorImpl@625719d1]
[2017-08-27 23:32:03.344] -- [TRACE] -- [main >>>> Slf4JLogger.java:46 >>>> Method = trace] -- [Content = Instrumented an optimized java.util.Set into: sun.nio.ch.EPollSelectorImpl@44601ac7]
[2017-08-27 23:32:03.344] -- [TRACE] -- [main >>>> Slf4JLogger.java:46 >>>> Method = trace] -- [Content = Instrumented an optimized java.util.Set into: sun.nio.ch.EPollSelectorImpl@17e21e3]
[2017-08-27 23:32:03.344] -- [TRACE] -- [main >>>> Slf4JLogger.java:46 >>>> Method = trace] -- [Content = Instrumented an optimized java.util.Set into: sun.nio.ch.EPollSelectorImpl@7fe2bed8]
[2017-08-27 23:32:03.344] -- [TRACE] -- [main >>>> Slf4JLogger.java:46 >>>> Method = trace] -- [Content = Instrumented an optimized java.util.Set into: sun.nio.ch.EPollSelectorImpl@7f5f987f]
[2017-08-27 23:32:03.344] -- [TRACE] -- [main >>>> Slf4JLogger.java:46 >>>> Method = trace] -- [Content = Instrumented an optimized java.util.Set into: sun.nio.ch.EPollSelectorImpl@5d14fb2d]
[2017-08-27 23:32:03.345] -- [TRACE] -- [main >>>> Slf4JLogger.java:46 >>>> Method = trace] -- [Content = Instrumented an optimized java.util.Set into: sun.nio.ch.EPollSelectorImpl@c767719]
[2017-08-27 23:32:03.345] -- [TRACE] -- [main >>>> Slf4JLogger.java:46 >>>> Method = trace] -- [Content = Instrumented an optimized java.util.Set into: sun.nio.ch.EPollSelectorImpl@358510b3]
[2017-08-27 23:32:03.345] -- [TRACE] -- [main >>>> Slf4JLogger.java:46 >>>> Method = trace] -- [Content = Instrumented an optimized java.util.Set into: sun.nio.ch.EPollSelectorImpl@330b7338]
[2017-08-27 23:32:03.345] -- [TRACE] -- [main >>>> Slf4JLogger.java:46 >>>> Method = trace] -- [Content = Instrumented an optimized java.util.Set into: sun.nio.ch.EPollSelectorImpl@34b97bb6]
[2017-08-27 23:32:03.345] -- [TRACE] -- [main >>>> Slf4JLogger.java:46 >>>> Method = trace] -- [Content = Instrumented an optimized java.util.Set into: sun.nio.ch.EPollSelectorImpl@7d6904c4]
[2017-08-27 23:32:03.345] -- [TRACE] -- [main >>>> Slf4JLogger.java:46 >>>> Method = trace] -- [Content = Instrumented an optimized java.util.Set into: sun.nio.ch.EPollSelectorImpl@79b8202e]
[2017-08-27 23:32:03.346] -- [TRACE] -- [main >>>> Slf4JLogger.java:46 >>>> Method = trace] -- [Content = Instrumented an optimized java.util.Set into: sun.nio.ch.EPollSelectorImpl@2748ea70]
[2017-08-27 23:32:03.346] -- [TRACE] -- [main >>>> Slf4JLogger.java:46 >>>> Method = trace] -- [Content = Instrumented an optimized java.util.Set into: sun.nio.ch.EPollSelectorImpl@24177336]
[2017-08-27 23:32:03.347] -- [TRACE] -- [main >>>> Slf4JLogger.java:46 >>>> Method = trace] -- [Content = Instrumented an optimized java.util.Set into: sun.nio.ch.EPollSelectorImpl@78a84ac2]
[2017-08-27 23:32:03.347] -- [TRACE] -- [main >>>> Slf4JLogger.java:46 >>>> Method = trace] -- [Content = Instrumented an optimized java.util.Set into: sun.nio.ch.EPollSelectorImpl@70c44470]
[2017-08-27 23:32:03.347] -- [TRACE] -- [main >>>> Slf4JLogger.java:46 >>>> Method = trace] -- [Content = Instrumented an optimized java.util.Set into: sun.nio.ch.EPollSelectorImpl@65694ee6]
[2017-08-27 23:32:03.348] -- [TRACE] -- [main >>>> Slf4JLogger.java:46 >>>> Method = trace] -- [Content = Instrumented an optimized java.util.Set into: sun.nio.ch.EPollSelectorImpl@64bb120d]
[2017-08-27 23:32:03.348] -- [TRACE] -- [main >>>> Slf4JLogger.java:46 >>>> Method = trace] -- [Content = Instrumented an optimized java.util.Set into: sun.nio.ch.EPollSelectorImpl@359e4725]
[2017-08-27 23:32:03.348] -- [TRACE] -- [main >>>> Slf4JLogger.java:46 >>>> Method = trace] -- [Content = Instrumented an optimized java.util.Set into: sun.nio.ch.EPollSelectorImpl@2a50e9a3]
[2017-08-27 23:32:03.348] -- [TRACE] -- [main >>>> Slf4JLogger.java:46 >>>> Method = trace] -- [Content = Instrumented an optimized java.util.Set into: sun.nio.ch.EPollSelectorImpl@261ae209]
[2017-08-27 23:32:03.348] -- [TRACE] -- [main >>>> Slf4JLogger.java:46 >>>> Method = trace] -- [Content = Instrumented an optimized java.util.Set into: sun.nio.ch.EPollSelectorImpl@2eedd06a]
[2017-08-27 23:32:03.348] -- [TRACE] -- [main >>>> Slf4JLogger.java:46 >>>> Method = trace] -- [Content = Instrumented an optimized java.util.Set into: sun.nio.ch.EPollSelectorImpl@7f0df737]
[2017-08-27 23:32:03.349] -- [TRACE] -- [main >>>> Slf4JLogger.java:46 >>>> Method = trace] -- [Content = Instrumented an optimized java.util.Set into: sun.nio.ch.EPollSelectorImpl@6de17d0b]
[2017-08-27 23:32:03.349] -- [TRACE] -- [main >>>> Slf4JLogger.java:46 >>>> Method = trace] -- [Content = Instrumented an optimized java.util.Set into: sun.nio.ch.EPollSelectorImpl@6ed89588]
[2017-08-27 23:32:03.349] -- [TRACE] -- [main >>>> Slf4JLogger.java:46 >>>> Method = trace] -- [Content = Instrumented an optimized java.util.Set into: sun.nio.ch.EPollSelectorImpl@4d414c92]
[2017-08-27 23:32:03.349] -- [TRACE] -- [main >>>> Slf4JLogger.java:46 >>>> Method = trace] -- [Content = Instrumented an optimized java.util.Set into: sun.nio.ch.EPollSelectorImpl@7a0a2cdd]
[2017-08-27 23:32:03.349] -- [TRACE] -- [main >>>> Slf4JLogger.java:46 >>>> Method = trace] -- [Content = Instrumented an optimized java.util.Set into: sun.nio.ch.EPollSelectorImpl@32079fc3]
[2017-08-27 23:32:03.350] -- [TRACE] -- [main >>>> Slf4JLogger.java:46 >>>> Method = trace] -- [Content = Instrumented an optimized java.util.Set into: sun.nio.ch.EPollSelectorImpl@1289d4de]
[2017-08-27 23:32:03.350] -- [TRACE] -- [main >>>> Slf4JLogger.java:46 >>>> Method = trace] -- [Content = Instrumented an optimized java.util.Set into: sun.nio.ch.EPollSelectorImpl@16f64454]
[2017-08-27 23:34:26.045] -- [DEBUG] -- [main >>>> Slf4JLogger.java:71 >>>> Method = debug] -- [Content = Using SLF4J as the default logging framework]
[2017-08-27 23:34:26.050] -- [DEBUG] -- [main >>>> Slf4JLogger.java:76 >>>> Method = debug] -- [Content = -Dio.netty.eventLoopThreads: 16]
[2017-08-27 23:34:26.081] -- [DEBUG] -- [main >>>> Slf4JLogger.java:76 >>>> Method = debug] -- [Content = java.nio.Buffer.address: available]
[2017-08-27 23:34:26.082] -- [DEBUG] -- [main >>>> Slf4JLogger.java:76 >>>> Method = debug] -- [Content = sun.misc.Unsafe.theUnsafe: available]
[2017-08-27 23:34:26.082] -- [DEBUG] -- [main >>>> Slf4JLogger.java:71 >>>> Method = debug] -- [Content = sun.misc.Unsafe.copyMemory: available]
[2017-08-27 23:34:26.082] -- [DEBUG] -- [main >>>> Slf4JLogger.java:76 >>>> Method = debug] -- [Content = java.nio.Bits.unaligned: true]
[2017-08-27 23:34:26.083] -- [DEBUG] -- [main >>>> Slf4JLogger.java:76 >>>> Method = debug] -- [Content = Java version: 7]
[2017-08-27 23:34:26.083] -- [DEBUG] -- [main >>>> Slf4JLogger.java:76 >>>> Method = debug] -- [Content = -Dio.netty.noUnsafe: false]
[2017-08-27 23:34:26.083] -- [DEBUG] -- [main >>>> Slf4JLogger.java:76 >>>> Method = debug] -- [Content = sun.misc.Unsafe: available]
[2017-08-27 23:34:26.083] -- [DEBUG] -- [main >>>> Slf4JLogger.java:76 >>>> Method = debug] -- [Content = -Dio.netty.noJavassist: false]
[2017-08-27 23:34:26.084] -- [DEBUG] -- [main >>>> Slf4JLogger.java:71 >>>> Method = debug] -- [Content = Javassist: unavailable]
[2017-08-27 23:34:26.084] -- [DEBUG] -- [main >>>> Slf4JLogger.java:71 >>>> Method = debug] -- [Content = You don't have Javassist in your class path or you don't have enough permission to load dynamically generated classes.  Please check the configuration for better performance.]
[2017-08-27 23:34:26.084] -- [DEBUG] -- [main >>>> Slf4JLogger.java:76 >>>> Method = debug] -- [Content = -Dio.netty.tmpdir: /tmp (java.io.tmpdir)]
[2017-08-27 23:34:26.085] -- [DEBUG] -- [main >>>> Slf4JLogger.java:76 >>>> Method = debug] -- [Content = -Dio.netty.bitMode: 64 (sun.arch.data.model)]
[2017-08-27 23:34:26.085] -- [DEBUG] -- [main >>>> Slf4JLogger.java:76 >>>> Method = debug] -- [Content = -Dio.netty.noPreferDirect: false]
[2017-08-27 23:34:26.085] -- [DEBUG] -- [main >>>> Slf4JLogger.java:76 >>>> Method = debug] -- [Content = -Dio.netty.noKeySetOptimization: false]
[2017-08-27 23:34:26.085] -- [DEBUG] -- [main >>>> Slf4JLogger.java:76 >>>> Method = debug] -- [Content = -Dio.netty.selectorAutoRebuildThreshold: 512]
[2017-08-27 23:34:26.091] -- [TRACE] -- [main >>>> Slf4JLogger.java:46 >>>> Method = trace] -- [Content = Instrumented an optimized java.util.Set into: sun.nio.ch.EPollSelectorImpl@7297a1fb]
[2017-08-27 23:34:26.091] -- [TRACE] -- [main >>>> Slf4JLogger.java:46 >>>> Method = trace] -- [Content = Instrumented an optimized java.util.Set into: sun.nio.ch.EPollSelectorImpl@410ba083]
[2017-08-27 23:34:26.091] -- [TRACE] -- [main >>>> Slf4JLogger.java:46 >>>> Method = trace] -- [Content = Instrumented an optimized java.util.Set into: sun.nio.ch.EPollSelectorImpl@625719d1]
[2017-08-27 23:34:26.091] -- [TRACE] -- [main >>>> Slf4JLogger.java:46 >>>> Method = trace] -- [Content = Instrumented an optimized java.util.Set into: sun.nio.ch.EPollSelectorImpl@44601ac7]
[2017-08-27 23:34:26.091] -- [TRACE] -- [main >>>> Slf4JLogger.java:46 >>>> Method = trace] -- [Content = Instrumented an optimized java.util.Set into: sun.nio.ch.EPollSelectorImpl@17e21e3]
[2017-08-27 23:34:26.092] -- [TRACE] -- [main >>>> Slf4JLogger.java:46 >>>> Method = trace] -- [Content = Instrumented an optimized java.util.Set into: sun.nio.ch.EPollSelectorImpl@7fe2bed8]
[2017-08-27 23:34:26.092] -- [TRACE] -- [main >>>> Slf4JLogger.java:46 >>>> Method = trace] -- [Content = Instrumented an optimized java.util.Set into: sun.nio.ch.EPollSelectorImpl@7f5f987f]
[2017-08-27 23:34:26.092] -- [TRACE] -- [main >>>> Slf4JLogger.java:46 >>>> Method = trace] -- [Content = Instrumented an optimized java.util.Set into: sun.nio.ch.EPollSelectorImpl@5d14fb2d]
[2017-08-27 23:34:26.092] -- [TRACE] -- [main >>>> Slf4JLogger.java:46 >>>> Method = trace] -- [Content = Instrumented an optimized java.util.Set into: sun.nio.ch.EPollSelectorImpl@c767719]
[2017-08-27 23:34:26.092] -- [TRACE] -- [main >>>> Slf4JLogger.java:46 >>>> Method = trace] -- [Content = Instrumented an optimized java.util.Set into: sun.nio.ch.EPollSelectorImpl@358510b3]
[2017-08-27 23:34:26.092] -- [TRACE] -- [main >>>> Slf4JLogger.java:46 >>>> Method = trace] -- [Content = Instrumented an optimized java.util.Set into: sun.nio.ch.EPollSelectorImpl@330b7338]
[2017-08-27 23:34:26.093] -- [TRACE] -- [main >>>> Slf4JLogger.java:46 >>>> Method = trace] -- [Content = Instrumented an optimized java.util.Set into: sun.nio.ch.EPollSelectorImpl@34b97bb6]
[2017-08-27 23:34:26.093] -- [TRACE] -- [main >>>> Slf4JLogger.java:46 >>>> Method = trace] -- [Content = Instrumented an optimized java.util.Set into: sun.nio.ch.EPollSelectorImpl@7d6904c4]
[2017-08-27 23:34:26.093] -- [TRACE] -- [main >>>> Slf4JLogger.java:46 >>>> Method = trace] -- [Content = Instrumented an optimized java.util.Set into: sun.nio.ch.EPollSelectorImpl@79b8202e]
[2017-08-27 23:34:26.093] -- [TRACE] -- [main >>>> Slf4JLogger.java:46 >>>> Method = trace] -- [Content = Instrumented an optimized java.util.Set into: sun.nio.ch.EPollSelectorImpl@2748ea70]
[2017-08-27 23:34:26.093] -- [TRACE] -- [main >>>> Slf4JLogger.java:46 >>>> Method = trace] -- [Content = Instrumented an optimized java.util.Set into: sun.nio.ch.EPollSelectorImpl@24177336]
[2017-08-27 23:34:26.094] -- [TRACE] -- [main >>>> Slf4JLogger.java:46 >>>> Method = trace] -- [Content = Instrumented an optimized java.util.Set into: sun.nio.ch.EPollSelectorImpl@78a84ac2]
[2017-08-27 23:34:26.095] -- [TRACE] -- [main >>>> Slf4JLogger.java:46 >>>> Method = trace] -- [Content = Instrumented an optimized java.util.Set into: sun.nio.ch.EPollSelectorImpl@70c44470]
[2017-08-27 23:34:26.095] -- [TRACE] -- [main >>>> Slf4JLogger.java:46 >>>> Method = trace] -- [Content = Instrumented an optimized java.util.Set into: sun.nio.ch.EPollSelectorImpl@65694ee6]
[2017-08-27 23:34:26.095] -- [TRACE] -- [main >>>> Slf4JLogger.java:46 >>>> Method = trace] -- [Content = Instrumented an optimized java.util.Set into: sun.nio.ch.EPollSelectorImpl@64bb120d]
[2017-08-27 23:34:26.095] -- [TRACE] -- [main >>>> Slf4JLogger.java:46 >>>> Method = trace] -- [Content = Instrumented an optimized java.util.Set into: sun.nio.ch.EPollSelectorImpl@359e4725]
[2017-08-27 23:34:26.096] -- [TRACE] -- [main >>>> Slf4JLogger.java:46 >>>> Method = trace] -- [Content = Instrumented an optimized java.util.Set into: sun.nio.ch.EPollSelectorImpl@2a50e9a3]
[2017-08-27 23:34:26.096] -- [TRACE] -- [main >>>> Slf4JLogger.java:46 >>>> Method = trace] -- [Content = Instrumented an optimized java.util.Set into: sun.nio.ch.EPollSelectorImpl@261ae209]
[2017-08-27 23:34:26.096] -- [TRACE] -- [main >>>> Slf4JLogger.java:46 >>>> Method = trace] -- [Content = Instrumented an optimized java.util.Set into: sun.nio.ch.EPollSelectorImpl@2eedd06a]
[2017-08-27 23:34:26.096] -- [TRACE] -- [main >>>> Slf4JLogger.java:46 >>>> Method = trace] -- [Content = Instrumented an optimized java.util.Set into: sun.nio.ch.EPollSelectorImpl@7f0df737]
[2017-08-27 23:34:26.096] -- [TRACE] -- [main >>>> Slf4JLogger.java:46 >>>> Method = trace] -- [Content = Instrumented an optimized java.util.Set into: sun.nio.ch.EPollSelectorImpl@6de17d0b]
[2017-08-27 23:34:26.097] -- [TRACE] -- [main >>>> Slf4JLogger.java:46 >>>> Method = trace] -- [Content = Instrumented an optimized java.util.Set into: sun.nio.ch.EPollSelectorImpl@6ed89588]
[2017-08-27 23:34:26.097] -- [TRACE] -- [main >>>> Slf4JLogger.java:46 >>>> Method = trace] -- [Content = Instrumented an optimized java.util.Set into: sun.nio.ch.EPollSelectorImpl@4d414c92]
[2017-08-27 23:34:26.097] -- [TRACE] -- [main >>>> Slf4JLogger.java:46 >>>> Method = trace] -- [Content = Instrumented an optimized java.util.Set into: sun.nio.ch.EPollSelectorImpl@7a0a2cdd]
[2017-08-27 23:34:26.097] -- [TRACE] -- [main >>>> Slf4JLogger.java:46 >>>> Method = trace] -- [Content = Instrumented an optimized java.util.Set into: sun.nio.ch.EPollSelectorImpl@32079fc3]
[2017-08-27 23:34:26.098] -- [TRACE] -- [main >>>> Slf4JLogger.java:46 >>>> Method = trace] -- [Content = Instrumented an optimized java.util.Set into: sun.nio.ch.EPollSelectorImpl@1289d4de]
[2017-08-27 23:34:26.098] -- [TRACE] -- [main >>>> Slf4JLogger.java:46 >>>> Method = trace] -- [Content = Instrumented an optimized java.util.Set into: sun.nio.ch.EPollSelectorImpl@16f64454]
[2017-08-27 23:34:26.114] -- [DEBUG] -- [main >>>> Slf4JLogger.java:76 >>>> Method = debug] -- [Content = -Dio.netty.processId: 11765 (auto-detected)]
[2017-08-27 23:34:26.116] -- [DEBUG] -- [main >>>> Slf4JLogger.java:76 >>>> Method = debug] -- [Content = -Dio.netty.machineId: 00:50:56:ff:fe:c0:00:08 (auto-detected)]
[2017-08-27 23:34:26.117] -- [DEBUG] -- [main >>>> Slf4JLogger.java:71 >>>> Method = debug] -- [Content = -Dio.netty.initialSeedUniquifier: 0xfcff36b831aeb75b (took 5 ms)]
[2017-08-27 23:34:26.148] -- [DEBUG] -- [main >>>> Slf4JLogger.java:76 >>>> Method = debug] -- [Content = -Dio.netty.allocator.numHeapArenas: 8]
[2017-08-27 23:34:26.149] -- [DEBUG] -- [main >>>> Slf4JLogger.java:76 >>>> Method = debug] -- [Content = -Dio.netty.allocator.numDirectArenas: 8]
[2017-08-27 23:34:26.149] -- [DEBUG] -- [main >>>> Slf4JLogger.java:76 >>>> Method = debug] -- [Content = -Dio.netty.allocator.pageSize: 8192]
[2017-08-27 23:34:26.149] -- [DEBUG] -- [main >>>> Slf4JLogger.java:76 >>>> Method = debug] -- [Content = -Dio.netty.allocator.maxOrder: 11]
[2017-08-27 23:34:26.149] -- [DEBUG] -- [main >>>> Slf4JLogger.java:76 >>>> Method = debug] -- [Content = -Dio.netty.allocator.chunkSize: 16777216]
[2017-08-27 23:34:26.149] -- [DEBUG] -- [main >>>> Slf4JLogger.java:76 >>>> Method = debug] -- [Content = -Dio.netty.allocator.tinyCacheSize: 512]
[2017-08-27 23:34:26.149] -- [DEBUG] -- [main >>>> Slf4JLogger.java:76 >>>> Method = debug] -- [Content = -Dio.netty.allocator.smallCacheSize: 256]
[2017-08-27 23:34:26.149] -- [DEBUG] -- [main >>>> Slf4JLogger.java:76 >>>> Method = debug] -- [Content = -Dio.netty.allocator.normalCacheSize: 64]
[2017-08-27 23:34:26.149] -- [DEBUG] -- [main >>>> Slf4JLogger.java:76 >>>> Method = debug] -- [Content = -Dio.netty.allocator.maxCachedBufferCapacity: 32768]
[2017-08-27 23:34:26.150] -- [DEBUG] -- [main >>>> Slf4JLogger.java:76 >>>> Method = debug] -- [Content = -Dio.netty.allocator.cacheTrimInterval: 8192]
[2017-08-27 23:34:26.154] -- [DEBUG] -- [main >>>> Slf4JLogger.java:76 >>>> Method = debug] -- [Content = -Dio.netty.allocator.type: pooled]
[2017-08-27 23:34:26.154] -- [DEBUG] -- [main >>>> Slf4JLogger.java:76 >>>> Method = debug] -- [Content = -Dio.netty.threadLocalDirectBufferSize: 65536]
[2017-08-27 23:34:26.156] -- [DEBUG] -- [main >>>> Slf4JLogger.java:86 >>>> Method = debug] -- [Content = Loopback interface: lo (lo, 0:0:0:0:0:0:0:1%1)]
[2017-08-27 23:34:26.156] -- [DEBUG] -- [main >>>> Slf4JLogger.java:81 >>>> Method = debug] -- [Content = /proc/sys/net/core/somaxconn: 128]
[2017-08-27 23:34:40.022] -- [DEBUG] -- [main >>>> Slf4JLogger.java:71 >>>> Method = debug] -- [Content = Using SLF4J as the default logging framework]
[2017-08-27 23:34:40.026] -- [DEBUG] -- [main >>>> Slf4JLogger.java:76 >>>> Method = debug] -- [Content = -Dio.netty.eventLoopThreads: 16]
[2017-08-27 23:34:40.055] -- [DEBUG] -- [main >>>> Slf4JLogger.java:76 >>>> Method = debug] -- [Content = java.nio.Buffer.address: available]
[2017-08-27 23:34:40.056] -- [DEBUG] -- [main >>>> Slf4JLogger.java:76 >>>> Method = debug] -- [Content = sun.misc.Unsafe.theUnsafe: available]
[2017-08-27 23:34:40.056] -- [DEBUG] -- [main >>>> Slf4JLogger.java:71 >>>> Method = debug] -- [Content = sun.misc.Unsafe.copyMemory: available]
[2017-08-27 23:34:40.056] -- [DEBUG] -- [main >>>> Slf4JLogger.java:76 >>>> Method = debug] -- [Content = java.nio.Bits.unaligned: true]
[2017-08-27 23:34:40.057] -- [DEBUG] -- [main >>>> Slf4JLogger.java:76 >>>> Method = debug] -- [Content = Java version: 7]
[2017-08-27 23:34:40.057] -- [DEBUG] -- [main >>>> Slf4JLogger.java:76 >>>> Method = debug] -- [Content = -Dio.netty.noUnsafe: false]
[2017-08-27 23:34:40.057] -- [DEBUG] -- [main >>>> Slf4JLogger.java:76 >>>> Method = debug] -- [Content = sun.misc.Unsafe: available]
[2017-08-27 23:34:40.057] -- [DEBUG] -- [main >>>> Slf4JLogger.java:76 >>>> Method = debug] -- [Content = -Dio.netty.noJavassist: false]
[2017-08-27 23:34:40.058] -- [DEBUG] -- [main >>>> Slf4JLogger.java:71 >>>> Method = debug] -- [Content = Javassist: unavailable]
[2017-08-27 23:34:40.058] -- [DEBUG] -- [main >>>> Slf4JLogger.java:71 >>>> Method = debug] -- [Content = You don't have Javassist in your class path or you don't have enough permission to load dynamically generated classes.  Please check the configuration for better performance.]
[2017-08-27 23:34:40.058] -- [DEBUG] -- [main >>>> Slf4JLogger.java:76 >>>> Method = debug] -- [Content = -Dio.netty.tmpdir: /tmp (java.io.tmpdir)]
[2017-08-27 23:34:40.059] -- [DEBUG] -- [main >>>> Slf4JLogger.java:76 >>>> Method = debug] -- [Content = -Dio.netty.bitMode: 64 (sun.arch.data.model)]
[2017-08-27 23:34:40.059] -- [DEBUG] -- [main >>>> Slf4JLogger.java:76 >>>> Method = debug] -- [Content = -Dio.netty.noPreferDirect: false]
[2017-08-27 23:34:40.059] -- [DEBUG] -- [main >>>> Slf4JLogger.java:76 >>>> Method = debug] -- [Content = -Dio.netty.noKeySetOptimization: false]
[2017-08-27 23:34:40.059] -- [DEBUG] -- [main >>>> Slf4JLogger.java:76 >>>> Method = debug] -- [Content = -Dio.netty.selectorAutoRebuildThreshold: 512]
[2017-08-27 23:34:40.064] -- [TRACE] -- [main >>>> Slf4JLogger.java:46 >>>> Method = trace] -- [Content = Instrumented an optimized java.util.Set into: sun.nio.ch.EPollSelectorImpl@76320e7a]
[2017-08-27 23:34:40.065] -- [TRACE] -- [main >>>> Slf4JLogger.java:46 >>>> Method = trace] -- [Content = Instrumented an optimized java.util.Set into: sun.nio.ch.EPollSelectorImpl@5054a835]
[2017-08-27 23:34:40.065] -- [TRACE] -- [main >>>> Slf4JLogger.java:46 >>>> Method = trace] -- [Content = Instrumented an optimized java.util.Set into: sun.nio.ch.EPollSelectorImpl@65ef58c6]
[2017-08-27 23:34:40.065] -- [TRACE] -- [main >>>> Slf4JLogger.java:46 >>>> Method = trace] -- [Content = Instrumented an optimized java.util.Set into: sun.nio.ch.EPollSelectorImpl@44ad6372]
[2017-08-27 23:34:40.065] -- [TRACE] -- [main >>>> Slf4JLogger.java:46 >>>> Method = trace] -- [Content = Instrumented an optimized java.util.Set into: sun.nio.ch.EPollSelectorImpl@535bf497]
[2017-08-27 23:34:40.065] -- [TRACE] -- [main >>>> Slf4JLogger.java:46 >>>> Method = trace] -- [Content = Instrumented an optimized java.util.Set into: sun.nio.ch.EPollSelectorImpl@3a171042]
[2017-08-27 23:34:40.066] -- [TRACE] -- [main >>>> Slf4JLogger.java:46 >>>> Method = trace] -- [Content = Instrumented an optimized java.util.Set into: sun.nio.ch.EPollSelectorImpl@402c7ad9]
[2017-08-27 23:34:40.066] -- [TRACE] -- [main >>>> Slf4JLogger.java:46 >>>> Method = trace] -- [Content = Instrumented an optimized java.util.Set into: sun.nio.ch.EPollSelectorImpl@28355d79]
[2017-08-27 23:34:40.066] -- [TRACE] -- [main >>>> Slf4JLogger.java:46 >>>> Method = trace] -- [Content = Instrumented an optimized java.util.Set into: sun.nio.ch.EPollSelectorImpl@478bc78e]
[2017-08-27 23:34:40.066] -- [TRACE] -- [main >>>> Slf4JLogger.java:46 >>>> Method = trace] -- [Content = Instrumented an optimized java.util.Set into: sun.nio.ch.EPollSelectorImpl@29da6054]
[2017-08-27 23:34:40.066] -- [TRACE] -- [main >>>> Slf4JLogger.java:46 >>>> Method = trace] -- [Content = Instrumented an optimized java.util.Set into: sun.nio.ch.EPollSelectorImpl@3fea4043]
[2017-08-27 23:34:40.067] -- [TRACE] -- [main >>>> Slf4JLogger.java:46 >>>> Method = trace] -- [Content = Instrumented an optimized java.util.Set into: sun.nio.ch.EPollSelectorImpl@2c210f7d]
[2017-08-27 23:34:40.067] -- [TRACE] -- [main >>>> Slf4JLogger.java:46 >>>> Method = trace] -- [Content = Instrumented an optimized java.util.Set into: sun.nio.ch.EPollSelectorImpl@2e7fee2d]
[2017-08-27 23:34:40.067] -- [TRACE] -- [main >>>> Slf4JLogger.java:46 >>>> Method = trace] -- [Content = Instrumented an optimized java.util.Set into: sun.nio.ch.EPollSelectorImpl@50ede434]
[2017-08-27 23:34:40.067] -- [TRACE] -- [main >>>> Slf4JLogger.java:46 >>>> Method = trace] -- [Content = Instrumented an optimized java.util.Set into: sun.nio.ch.EPollSelectorImpl@32213b6e]
[2017-08-27 23:34:40.067] -- [TRACE] -- [main >>>> Slf4JLogger.java:46 >>>> Method = trace] -- [Content = Instrumented an optimized java.util.Set into: sun.nio.ch.EPollSelectorImpl@23c4cc78]
[2017-08-27 23:34:40.086] -- [DEBUG] -- [main >>>> Slf4JLogger.java:76 >>>> Method = debug] -- [Content = -Dio.netty.processId: 11836 (auto-detected)]
[2017-08-27 23:34:40.088] -- [DEBUG] -- [main >>>> Slf4JLogger.java:76 >>>> Method = debug] -- [Content = -Dio.netty.machineId: 00:50:56:ff:fe:c0:00:08 (auto-detected)]
[2017-08-27 23:34:40.089] -- [DEBUG] -- [main >>>> Slf4JLogger.java:71 >>>> Method = debug] -- [Content = -Dio.netty.initialSeedUniquifier: 0xd9f605140ea84f49 (took 6 ms)]
[2017-08-27 23:34:40.117] -- [DEBUG] -- [main >>>> Slf4JLogger.java:76 >>>> Method = debug] -- [Content = -Dio.netty.allocator.numHeapArenas: 8]
[2017-08-27 23:34:40.117] -- [DEBUG] -- [main >>>> Slf4JLogger.java:76 >>>> Method = debug] -- [Content = -Dio.netty.allocator.numDirectArenas: 8]
[2017-08-27 23:34:40.117] -- [DEBUG] -- [main >>>> Slf4JLogger.java:76 >>>> Method = debug] -- [Content = -Dio.netty.allocator.pageSize: 8192]
[2017-08-27 23:34:40.118] -- [DEBUG] -- [main >>>> Slf4JLogger.java:76 >>>> Method = debug] -- [Content = -Dio.netty.allocator.maxOrder: 11]
[2017-08-27 23:34:40.118] -- [DEBUG] -- [main >>>> Slf4JLogger.java:76 >>>> Method = debug] -- [Content = -Dio.netty.allocator.chunkSize: 16777216]
[2017-08-27 23:34:40.118] -- [DEBUG] -- [main >>>> Slf4JLogger.java:76 >>>> Method = debug] -- [Content = -Dio.netty.allocator.tinyCacheSize: 512]
[2017-08-27 23:34:40.118] -- [DEBUG] -- [main >>>> Slf4JLogger.java:76 >>>> Method = debug] -- [Content = -Dio.netty.allocator.smallCacheSize: 256]
[2017-08-27 23:34:40.118] -- [DEBUG] -- [main >>>> Slf4JLogger.java:76 >>>> Method = debug] -- [Content = -Dio.netty.allocator.normalCacheSize: 64]
[2017-08-27 23:34:40.118] -- [DEBUG] -- [main >>>> Slf4JLogger.java:76 >>>> Method = debug] -- [Content = -Dio.netty.allocator.maxCachedBufferCapacity: 32768]
[2017-08-27 23:34:40.118] -- [DEBUG] -- [main >>>> Slf4JLogger.java:76 >>>> Method = debug] -- [Content = -Dio.netty.allocator.cacheTrimInterval: 8192]
[2017-08-27 23:34:40.123] -- [DEBUG] -- [main >>>> Slf4JLogger.java:76 >>>> Method = debug] -- [Content = -Dio.netty.allocator.type: pooled]
[2017-08-27 23:34:40.123] -- [DEBUG] -- [main >>>> Slf4JLogger.java:76 >>>> Method = debug] -- [Content = -Dio.netty.threadLocalDirectBufferSize: 65536]
[2017-08-27 23:35:07.317] -- [DEBUG] -- [nioEventLoopGroup-0-0 >>>> Slf4JLogger.java:81 >>>> Method = debug] -- [Content = -Dio.netty.leakDetectionLevel: simple]
[2017-08-27 23:35:07.325] -- [DEBUG] -- [nioEventLoopGroup-0-0 >>>> Slf4JLogger.java:76 >>>> Method = debug] -- [Content = -Dio.netty.recycler.maxCapacity: 262144]
[2017-08-27 23:37:09.330] -- [DEBUG] -- [main >>>> Slf4JLogger.java:71 >>>> Method = debug] -- [Content = Using SLF4J as the default logging framework]
[2017-08-27 23:37:09.335] -- [DEBUG] -- [main >>>> Slf4JLogger.java:76 >>>> Method = debug] -- [Content = -Dio.netty.eventLoopThreads: 16]
[2017-08-27 23:37:09.369] -- [DEBUG] -- [main >>>> Slf4JLogger.java:76 >>>> Method = debug] -- [Content = java.nio.Buffer.address: available]
[2017-08-27 23:37:09.370] -- [DEBUG] -- [main >>>> Slf4JLogger.java:76 >>>> Method = debug] -- [Content = sun.misc.Unsafe.theUnsafe: available]
[2017-08-27 23:37:09.370] -- [DEBUG] -- [main >>>> Slf4JLogger.java:71 >>>> Method = debug] -- [Content = sun.misc.Unsafe.copyMemory: available]
[2017-08-27 23:37:09.370] -- [DEBUG] -- [main >>>> Slf4JLogger.java:76 >>>> Method = debug] -- [Content = java.nio.Bits.unaligned: true]
[2017-08-27 23:37:09.371] -- [DEBUG] -- [main >>>> Slf4JLogger.java:76 >>>> Method = debug] -- [Content = Java version: 7]
[2017-08-27 23:37:09.371] -- [DEBUG] -- [main >>>> Slf4JLogger.java:76 >>>> Method = debug] -- [Content = -Dio.netty.noUnsafe: false]
[2017-08-27 23:37:09.371] -- [DEBUG] -- [main >>>> Slf4JLogger.java:76 >>>> Method = debug] -- [Content = sun.misc.Unsafe: available]
[2017-08-27 23:37:09.372] -- [DEBUG] -- [main >>>> Slf4JLogger.java:76 >>>> Method = debug] -- [Content = -Dio.netty.noJavassist: false]
[2017-08-27 23:37:09.372] -- [DEBUG] -- [main >>>> Slf4JLogger.java:71 >>>> Method = debug] -- [Content = Javassist: unavailable]
[2017-08-27 23:37:09.372] -- [DEBUG] -- [main >>>> Slf4JLogger.java:71 >>>> Method = debug] -- [Content = You don't have Javassist in your class path or you don't have enough permission to load dynamically generated classes.  Please check the configuration for better performance.]
[2017-08-27 23:37:09.373] -- [DEBUG] -- [main >>>> Slf4JLogger.java:76 >>>> Method = debug] -- [Content = -Dio.netty.tmpdir: /tmp (java.io.tmpdir)]
[2017-08-27 23:37:09.373] -- [DEBUG] -- [main >>>> Slf4JLogger.java:76 >>>> Method = debug] -- [Content = -Dio.netty.bitMode: 64 (sun.arch.data.model)]
[2017-08-27 23:37:09.373] -- [DEBUG] -- [main >>>> Slf4JLogger.java:76 >>>> Method = debug] -- [Content = -Dio.netty.noPreferDirect: false]
[2017-08-27 23:37:09.373] -- [DEBUG] -- [main >>>> Slf4JLogger.java:76 >>>> Method = debug] -- [Content = -Dio.netty.noKeySetOptimization: false]
[2017-08-27 23:37:09.374] -- [DEBUG] -- [main >>>> Slf4JLogger.java:76 >>>> Method = debug] -- [Content = -Dio.netty.selectorAutoRebuildThreshold: 512]
[2017-08-27 23:37:09.379] -- [TRACE] -- [main >>>> Slf4JLogger.java:46 >>>> Method = trace] -- [Content = Instrumented an optimized java.util.Set into: sun.nio.ch.EPollSelectorImpl@410ba083]
[2017-08-27 23:37:09.379] -- [TRACE] -- [main >>>> Slf4JLogger.java:46 >>>> Method = trace] -- [Content = Instrumented an optimized java.util.Set into: sun.nio.ch.EPollSelectorImpl@625719d1]
[2017-08-27 23:37:09.379] -- [TRACE] -- [main >>>> Slf4JLogger.java:46 >>>> Method = trace] -- [Content = Instrumented an optimized java.util.Set into: sun.nio.ch.EPollSelectorImpl@44601ac7]
[2017-08-27 23:37:09.379] -- [TRACE] -- [main >>>> Slf4JLogger.java:46 >>>> Method = trace] -- [Content = Instrumented an optimized java.util.Set into: sun.nio.ch.EPollSelectorImpl@17e21e3]
[2017-08-27 23:37:09.379] -- [TRACE] -- [main >>>> Slf4JLogger.java:46 >>>> Method = trace] -- [Content = Instrumented an optimized java.util.Set into: sun.nio.ch.EPollSelectorImpl@7fe2bed8]
[2017-08-27 23:37:09.379] -- [TRACE] -- [main >>>> Slf4JLogger.java:46 >>>> Method = trace] -- [Content = Instrumented an optimized java.util.Set into: sun.nio.ch.EPollSelectorImpl@7f5f987f]
[2017-08-27 23:37:09.380] -- [TRACE] -- [main >>>> Slf4JLogger.java:46 >>>> Method = trace] -- [Content = Instrumented an optimized java.util.Set into: sun.nio.ch.EPollSelectorImpl@5d14fb2d]
[2017-08-27 23:37:09.380] -- [TRACE] -- [main >>>> Slf4JLogger.java:46 >>>> Method = trace] -- [Content = Instrumented an optimized java.util.Set into: sun.nio.ch.EPollSelectorImpl@c767719]
[2017-08-27 23:37:09.380] -- [TRACE] -- [main >>>> Slf4JLogger.java:46 >>>> Method = trace] -- [Content = Instrumented an optimized java.util.Set into: sun.nio.ch.EPollSelectorImpl@358510b3]
[2017-08-27 23:37:09.380] -- [TRACE] -- [main >>>> Slf4JLogger.java:46 >>>> Method = trace] -- [Content = Instrumented an optimized java.util.Set into: sun.nio.ch.EPollSelectorImpl@330b7338]
[2017-08-27 23:37:09.380] -- [TRACE] -- [main >>>> Slf4JLogger.java:46 >>>> Method = trace] -- [Content = Instrumented an optimized java.util.Set into: sun.nio.ch.EPollSelectorImpl@34b97bb6]
[2017-08-27 23:37:09.380] -- [TRACE] -- [main >>>> Slf4JLogger.java:46 >>>> Method = trace] -- [Content = Instrumented an optimized java.util.Set into: sun.nio.ch.EPollSelectorImpl@7d6904c4]
[2017-08-27 23:37:09.381] -- [TRACE] -- [main >>>> Slf4JLogger.java:46 >>>> Method = trace] -- [Content = Instrumented an optimized java.util.Set into: sun.nio.ch.EPollSelectorImpl@79b8202e]
[2017-08-27 23:37:09.381] -- [TRACE] -- [main >>>> Slf4JLogger.java:46 >>>> Method = trace] -- [Content = Instrumented an optimized java.util.Set into: sun.nio.ch.EPollSelectorImpl@2748ea70]
[2017-08-27 23:37:09.381] -- [TRACE] -- [main >>>> Slf4JLogger.java:46 >>>> Method = trace] -- [Content = Instrumented an optimized java.util.Set into: sun.nio.ch.EPollSelectorImpl@24177336]
[2017-08-27 23:37:09.381] -- [TRACE] -- [main >>>> Slf4JLogger.java:46 >>>> Method = trace] -- [Content = Instrumented an optimized java.util.Set into: sun.nio.ch.EPollSelectorImpl@7f8cf0bc]
[2017-08-27 23:37:09.382] -- [TRACE] -- [main >>>> Slf4JLogger.java:46 >>>> Method = trace] -- [Content = Instrumented an optimized java.util.Set into: sun.nio.ch.EPollSelectorImpl@70c44470]
[2017-08-27 23:37:09.383] -- [TRACE] -- [main >>>> Slf4JLogger.java:46 >>>> Method = trace] -- [Content = Instrumented an optimized java.util.Set into: sun.nio.ch.EPollSelectorImpl@65694ee6]
[2017-08-27 23:37:09.383] -- [TRACE] -- [main >>>> Slf4JLogger.java:46 >>>> Method = trace] -- [Content = Instrumented an optimized java.util.Set into: sun.nio.ch.EPollSelectorImpl@64bb120d]
[2017-08-27 23:37:09.383] -- [TRACE] -- [main >>>> Slf4JLogger.java:46 >>>> Method = trace] -- [Content = Instrumented an optimized java.util.Set into: sun.nio.ch.EPollSelectorImpl@359e4725]
[2017-08-27 23:37:09.383] -- [TRACE] -- [main >>>> Slf4JLogger.java:46 >>>> Method = trace] -- [Content = Instrumented an optimized java.util.Set into: sun.nio.ch.EPollSelectorImpl@2a50e9a3]
[2017-08-27 23:37:09.384] -- [TRACE] -- [main >>>> Slf4JLogger.java:46 >>>> Method = trace] -- [Content = Instrumented an optimized java.util.Set into: sun.nio.ch.EPollSelectorImpl@261ae209]
[2017-08-27 23:37:09.384] -- [TRACE] -- [main >>>> Slf4JLogger.java:46 >>>> Method = trace] -- [Content = Instrumented an optimized java.util.Set into: sun.nio.ch.EPollSelectorImpl@2eedd06a]
[2017-08-27 23:37:09.384] -- [TRACE] -- [main >>>> Slf4JLogger.java:46 >>>> Method = trace] -- [Content = Instrumented an optimized java.util.Set into: sun.nio.ch.EPollSelectorImpl@7f0df737]
[2017-08-27 23:37:09.384] -- [TRACE] -- [main >>>> Slf4JLogger.java:46 >>>> Method = trace] -- [Content = Instrumented an optimized java.util.Set into: sun.nio.ch.EPollSelectorImpl@6de17d0b]
[2017-08-27 23:37:09.384] -- [TRACE] -- [main >>>> Slf4JLogger.java:46 >>>> Method = trace] -- [Content = Instrumented an optimized java.util.Set into: sun.nio.ch.EPollSelectorImpl@6ed89588]
[2017-08-27 23:37:09.385] -- [TRACE] -- [main >>>> Slf4JLogger.java:46 >>>> Method = trace] -- [Content = Instrumented an optimized java.util.Set into: sun.nio.ch.EPollSelectorImpl@4d414c92]
[2017-08-27 23:37:09.385] -- [TRACE] -- [main >>>> Slf4JLogger.java:46 >>>> Method = trace] -- [Content = Instrumented an optimized java.util.Set into: sun.nio.ch.EPollSelectorImpl@7a0a2cdd]
[2017-08-27 23:37:09.385] -- [TRACE] -- [main >>>> Slf4JLogger.java:46 >>>> Method = trace] -- [Content = Instrumented an optimized java.util.Set into: sun.nio.ch.EPollSelectorImpl@32079fc3]
[2017-08-27 23:37:09.385] -- [TRACE] -- [main >>>> Slf4JLogger.java:46 >>>> Method = trace] -- [Content = Instrumented an optimized java.util.Set into: sun.nio.ch.EPollSelectorImpl@1289d4de]
[2017-08-27 23:37:09.386] -- [TRACE] -- [main >>>> Slf4JLogger.java:46 >>>> Method = trace] -- [Content = Instrumented an optimized java.util.Set into: sun.nio.ch.EPollSelectorImpl@16f64454]
[2017-08-27 23:37:09.386] -- [TRACE] -- [main >>>> Slf4JLogger.java:46 >>>> Method = trace] -- [Content = Instrumented an optimized java.util.Set into: sun.nio.ch.EPollSelectorImpl@1fff293]
[2017-08-27 23:37:09.402] -- [DEBUG] -- [main >>>> Slf4JLogger.java:76 >>>> Method = debug] -- [Content = -Dio.netty.processId: 18698 (auto-detected)]
[2017-08-27 23:37:09.403] -- [DEBUG] -- [main >>>> Slf4JLogger.java:76 >>>> Method = debug] -- [Content = -Dio.netty.machineId: 00:50:56:ff:fe:c0:00:08 (auto-detected)]
[2017-08-27 23:37:09.404] -- [DEBUG] -- [main >>>> Slf4JLogger.java:71 >>>> Method = debug] -- [Content = -Dio.netty.initialSeedUniquifier: 0xfbce312550d8cd9a (took 5 ms)]
[2017-08-27 23:37:09.432] -- [DEBUG] -- [main >>>> Slf4JLogger.java:76 >>>> Method = debug] -- [Content = -Dio.netty.allocator.numHeapArenas: 8]
[2017-08-27 23:37:09.432] -- [DEBUG] -- [main >>>> Slf4JLogger.java:76 >>>> Method = debug] -- [Content = -Dio.netty.allocator.numDirectArenas: 8]
[2017-08-27 23:37:09.432] -- [DEBUG] -- [main >>>> Slf4JLogger.java:76 >>>> Method = debug] -- [Content = -Dio.netty.allocator.pageSize: 8192]
[2017-08-27 23:37:09.432] -- [DEBUG] -- [main >>>> Slf4JLogger.java:76 >>>> Method = debug] -- [Content = -Dio.netty.allocator.maxOrder: 11]
[2017-08-27 23:37:09.432] -- [DEBUG] -- [main >>>> Slf4JLogger.java:76 >>>> Method = debug] -- [Content = -Dio.netty.allocator.chunkSize: 16777216]
[2017-08-27 23:37:09.432] -- [DEBUG] -- [main >>>> Slf4JLogger.java:76 >>>> Method = debug] -- [Content = -Dio.netty.allocator.tinyCacheSize: 512]
[2017-08-27 23:37:09.432] -- [DEBUG] -- [main >>>> Slf4JLogger.java:76 >>>> Method = debug] -- [Content = -Dio.netty.allocator.smallCacheSize: 256]
[2017-08-27 23:37:09.433] -- [DEBUG] -- [main >>>> Slf4JLogger.java:76 >>>> Method = debug] -- [Content = -Dio.netty.allocator.normalCacheSize: 64]
[2017-08-27 23:37:09.433] -- [DEBUG] -- [main >>>> Slf4JLogger.java:76 >>>> Method = debug] -- [Content = -Dio.netty.allocator.maxCachedBufferCapacity: 32768]
[2017-08-27 23:37:09.433] -- [DEBUG] -- [main >>>> Slf4JLogger.java:76 >>>> Method = debug] -- [Content = -Dio.netty.allocator.cacheTrimInterval: 8192]
[2017-08-27 23:37:09.437] -- [DEBUG] -- [main >>>> Slf4JLogger.java:76 >>>> Method = debug] -- [Content = -Dio.netty.allocator.type: pooled]
[2017-08-27 23:37:09.437] -- [DEBUG] -- [main >>>> Slf4JLogger.java:76 >>>> Method = debug] -- [Content = -Dio.netty.threadLocalDirectBufferSize: 65536]
[2017-08-27 23:37:09.439] -- [DEBUG] -- [main >>>> Slf4JLogger.java:86 >>>> Method = debug] -- [Content = Loopback interface: lo (lo, 0:0:0:0:0:0:0:1%1)]
[2017-08-27 23:37:09.439] -- [DEBUG] -- [main >>>> Slf4JLogger.java:81 >>>> Method = debug] -- [Content = /proc/sys/net/core/somaxconn: 128]
[2017-08-27 23:37:15.274] -- [DEBUG] -- [main >>>> Slf4JLogger.java:71 >>>> Method = debug] -- [Content = Using SLF4J as the default logging framework]
[2017-08-27 23:37:15.278] -- [DEBUG] -- [main >>>> Slf4JLogger.java:76 >>>> Method = debug] -- [Content = -Dio.netty.eventLoopThreads: 16]
[2017-08-27 23:37:15.309] -- [DEBUG] -- [main >>>> Slf4JLogger.java:76 >>>> Method = debug] -- [Content = java.nio.Buffer.address: available]
[2017-08-27 23:37:15.309] -- [DEBUG] -- [main >>>> Slf4JLogger.java:76 >>>> Method = debug] -- [Content = sun.misc.Unsafe.theUnsafe: available]
[2017-08-27 23:37:15.309] -- [DEBUG] -- [main >>>> Slf4JLogger.java:71 >>>> Method = debug] -- [Content = sun.misc.Unsafe.copyMemory: available]
[2017-08-27 23:37:15.310] -- [DEBUG] -- [main >>>> Slf4JLogger.java:76 >>>> Method = debug] -- [Content = java.nio.Bits.unaligned: true]
[2017-08-27 23:37:15.310] -- [DEBUG] -- [main >>>> Slf4JLogger.java:76 >>>> Method = debug] -- [Content = Java version: 7]
[2017-08-27 23:37:15.311] -- [DEBUG] -- [main >>>> Slf4JLogger.java:76 >>>> Method = debug] -- [Content = -Dio.netty.noUnsafe: false]
[2017-08-27 23:37:15.311] -- [DEBUG] -- [main >>>> Slf4JLogger.java:76 >>>> Method = debug] -- [Content = sun.misc.Unsafe: available]
[2017-08-27 23:37:15.311] -- [DEBUG] -- [main >>>> Slf4JLogger.java:76 >>>> Method = debug] -- [Content = -Dio.netty.noJavassist: false]
[2017-08-27 23:37:15.312] -- [DEBUG] -- [main >>>> Slf4JLogger.java:71 >>>> Method = debug] -- [Content = Javassist: unavailable]
[2017-08-27 23:37:15.313] -- [DEBUG] -- [main >>>> Slf4JLogger.java:71 >>>> Method = debug] -- [Content = You don't have Javassist in your class path or you don't have enough permission to load dynamically generated classes.  Please check the configuration for better performance.]
[2017-08-27 23:37:15.313] -- [DEBUG] -- [main >>>> Slf4JLogger.java:76 >>>> Method = debug] -- [Content = -Dio.netty.tmpdir: /tmp (java.io.tmpdir)]
[2017-08-27 23:37:15.313] -- [DEBUG] -- [main >>>> Slf4JLogger.java:76 >>>> Method = debug] -- [Content = -Dio.netty.bitMode: 64 (sun.arch.data.model)]
[2017-08-27 23:37:15.313] -- [DEBUG] -- [main >>>> Slf4JLogger.java:76 >>>> Method = debug] -- [Content = -Dio.netty.noPreferDirect: false]
[2017-08-27 23:37:15.314] -- [DEBUG] -- [main >>>> Slf4JLogger.java:76 >>>> Method = debug] -- [Content = -Dio.netty.noKeySetOptimization: false]
[2017-08-27 23:37:15.314] -- [DEBUG] -- [main >>>> Slf4JLogger.java:76 >>>> Method = debug] -- [Content = -Dio.netty.selectorAutoRebuildThreshold: 512]
[2017-08-27 23:37:15.319] -- [TRACE] -- [main >>>> Slf4JLogger.java:46 >>>> Method = trace] -- [Content = Instrumented an optimized java.util.Set into: sun.nio.ch.EPollSelectorImpl@76320e7a]
[2017-08-27 23:37:15.319] -- [TRACE] -- [main >>>> Slf4JLogger.java:46 >>>> Method = trace] -- [Content = Instrumented an optimized java.util.Set into: sun.nio.ch.EPollSelectorImpl@5054a835]
[2017-08-27 23:37:15.320] -- [TRACE] -- [main >>>> Slf4JLogger.java:46 >>>> Method = trace] -- [Content = Instrumented an optimized java.util.Set into: sun.nio.ch.EPollSelectorImpl@65ef58c6]
[2017-08-27 23:37:15.320] -- [TRACE] -- [main >>>> Slf4JLogger.java:46 >>>> Method = trace] -- [Content = Instrumented an optimized java.util.Set into: sun.nio.ch.EPollSelectorImpl@44ad6372]
[2017-08-27 23:37:15.320] -- [TRACE] -- [main >>>> Slf4JLogger.java:46 >>>> Method = trace] -- [Content = Instrumented an optimized java.util.Set into: sun.nio.ch.EPollSelectorImpl@535bf497]
[2017-08-27 23:37:15.320] -- [TRACE] -- [main >>>> Slf4JLogger.java:46 >>>> Method = trace] -- [Content = Instrumented an optimized java.util.Set into: sun.nio.ch.EPollSelectorImpl@3a171042]
[2017-08-27 23:37:15.320] -- [TRACE] -- [main >>>> Slf4JLogger.java:46 >>>> Method = trace] -- [Content = Instrumented an optimized java.util.Set into: sun.nio.ch.EPollSelectorImpl@402c7ad9]
[2017-08-27 23:37:15.320] -- [TRACE] -- [main >>>> Slf4JLogger.java:46 >>>> Method = trace] -- [Content = Instrumented an optimized java.util.Set into: sun.nio.ch.EPollSelectorImpl@28355d79]
[2017-08-27 23:37:15.321] -- [TRACE] -- [main >>>> Slf4JLogger.java:46 >>>> Method = trace] -- [Content = Instrumented an optimized java.util.Set into: sun.nio.ch.EPollSelectorImpl@478bc78e]
[2017-08-27 23:37:15.321] -- [TRACE] -- [main >>>> Slf4JLogger.java:46 >>>> Method = trace] -- [Content = Instrumented an optimized java.util.Set into: sun.nio.ch.EPollSelectorImpl@29da6054]
[2017-08-27 23:37:15.321] -- [TRACE] -- [main >>>> Slf4JLogger.java:46 >>>> Method = trace] -- [Content = Instrumented an optimized java.util.Set into: sun.nio.ch.EPollSelectorImpl@3fea4043]
[2017-08-27 23:37:15.321] -- [TRACE] -- [main >>>> Slf4JLogger.java:46 >>>> Method = trace] -- [Content = Instrumented an optimized java.util.Set into: sun.nio.ch.EPollSelectorImpl@2c210f7d]
[2017-08-27 23:37:15.321] -- [TRACE] -- [main >>>> Slf4JLogger.java:46 >>>> Method = trace] -- [Content = Instrumented an optimized java.util.Set into: sun.nio.ch.EPollSelectorImpl@2e7fee2d]
[2017-08-27 23:37:15.322] -- [TRACE] -- [main >>>> Slf4JLogger.java:46 >>>> Method = trace] -- [Content = Instrumented an optimized java.util.Set into: sun.nio.ch.EPollSelectorImpl@50ede434]
[2017-08-27 23:37:15.322] -- [TRACE] -- [main >>>> Slf4JLogger.java:46 >>>> Method = trace] -- [Content = Instrumented an optimized java.util.Set into: sun.nio.ch.EPollSelectorImpl@32213b6e]
[2017-08-27 23:37:15.322] -- [TRACE] -- [main >>>> Slf4JLogger.java:46 >>>> Method = trace] -- [Content = Instrumented an optimized java.util.Set into: sun.nio.ch.EPollSelectorImpl@23c4cc78]
[2017-08-27 23:37:15.341] -- [DEBUG] -- [main >>>> Slf4JLogger.java:76 >>>> Method = debug] -- [Content = -Dio.netty.processId: 18762 (auto-detected)]
[2017-08-27 23:37:15.342] -- [DEBUG] -- [main >>>> Slf4JLogger.java:76 >>>> Method = debug] -- [Content = -Dio.netty.machineId: 00:50:56:ff:fe:c0:00:08 (auto-detected)]
[2017-08-27 23:37:15.343] -- [DEBUG] -- [main >>>> Slf4JLogger.java:71 >>>> Method = debug] -- [Content = -Dio.netty.initialSeedUniquifier: 0x8af3b7c74b2bd920 (took 6 ms)]
[2017-08-27 23:37:15.372] -- [DEBUG] -- [main >>>> Slf4JLogger.java:76 >>>> Method = debug] -- [Content = -Dio.netty.allocator.numHeapArenas: 8]
[2017-08-27 23:37:15.372] -- [DEBUG] -- [main >>>> Slf4JLogger.java:76 >>>> Method = debug] -- [Content = -Dio.netty.allocator.numDirectArenas: 8]
[2017-08-27 23:37:15.373] -- [DEBUG] -- [main >>>> Slf4JLogger.java:76 >>>> Method = debug] -- [Content = -Dio.netty.allocator.pageSize: 8192]
[2017-08-27 23:37:15.373] -- [DEBUG] -- [main >>>> Slf4JLogger.java:76 >>>> Method = debug] -- [Content = -Dio.netty.allocator.maxOrder: 11]
[2017-08-27 23:37:15.373] -- [DEBUG] -- [main >>>> Slf4JLogger.java:76 >>>> Method = debug] -- [Content = -Dio.netty.allocator.chunkSize: 16777216]
[2017-08-27 23:37:15.373] -- [DEBUG] -- [main >>>> Slf4JLogger.java:76 >>>> Method = debug] -- [Content = -Dio.netty.allocator.tinyCacheSize: 512]
[2017-08-27 23:37:15.373] -- [DEBUG] -- [main >>>> Slf4JLogger.java:76 >>>> Method = debug] -- [Content = -Dio.netty.allocator.smallCacheSize: 256]
[2017-08-27 23:37:15.373] -- [DEBUG] -- [main >>>> Slf4JLogger.java:76 >>>> Method = debug] -- [Content = -Dio.netty.allocator.normalCacheSize: 64]
[2017-08-27 23:37:15.373] -- [DEBUG] -- [main >>>> Slf4JLogger.java:76 >>>> Method = debug] -- [Content = -Dio.netty.allocator.maxCachedBufferCapacity: 32768]
[2017-08-27 23:37:15.373] -- [DEBUG] -- [main >>>> Slf4JLogger.java:76 >>>> Method = debug] -- [Content = -Dio.netty.allocator.cacheTrimInterval: 8192]
[2017-08-27 23:37:15.378] -- [DEBUG] -- [main >>>> Slf4JLogger.java:76 >>>> Method = debug] -- [Content = -Dio.netty.allocator.type: pooled]
[2017-08-27 23:37:15.378] -- [DEBUG] -- [main >>>> Slf4JLogger.java:76 >>>> Method = debug] -- [Content = -Dio.netty.threadLocalDirectBufferSize: 65536]
[2017-08-27 23:37:15.450] -- [DEBUG] -- [nioEventLoopGroup-0-0 >>>> Slf4JLogger.java:81 >>>> Method = debug] -- [Content = -Dio.netty.leakDetectionLevel: simple]
[2017-08-27 23:37:15.458] -- [DEBUG] -- [nioEventLoopGroup-0-0 >>>> Slf4JLogger.java:76 >>>> Method = debug] -- [Content = -Dio.netty.recycler.maxCapacity: 262144]
[2017-08-27 23:37:15.478] -- [DEBUG] -- [nioEventLoopGroup-1-1 >>>> Slf4JLogger.java:81 >>>> Method = debug] -- [Content = -Dio.netty.leakDetectionLevel: simple]
[2017-08-27 23:37:15.488] -- [DEBUG] -- [nioEventLoopGroup-1-1 >>>> Slf4JLogger.java:76 >>>> Method = debug] -- [Content = -Dio.netty.recycler.maxCapacity: 262144]
